1626559566179	geckodriver	INFO	Listening on 127.0.0.1:49371
1626559568934	mozrunner::runner	INFO	Running command: "C:\\Program Files\\Mozilla Firefox\\firefox.exe" "--marionette" "-foreground" "-no-remote" "-profile" "C:\\Users\\ADMINI~1\\AppData\\Local\\Temp\\rust_mozprofileFpPUhC"
1626559572477	Marionette	INFO	Marionette enabled
console.warn: SearchSettings: "get: No settings file exists, new profile?" (new NotFoundError("Could not open the file at C:\\Users\\Administrator\\AppData\\Local\\Temp\\rust_mozprofileFpPUhC\\search.json.mozlz4", (void 0)))
1626559581103	Marionette	INFO	Listening on port 59410
1626559581251	Marionette	WARN	TLS certificate errors will be ignored for this session
1626559585205	Marionette	INFO	Stopped listening on port 59410

###!!! [Child][MessageChannel] Error: (msgtype=0x590008,name=PHttpChannel::Msg_DeletingChannel) Channel closing: too late to send/recv, messages will be lost


###!!! [Child][MessageChannel] Error: (msgtype=0x39011A,name=PContent::Msg_RecordDiscardedData) Channel closing: too late to send/recv, messages will be lost


###!!! [Parent][MessageChannel] Error: (msgtype=0x390079,name=PContent::Msg_DestroyBrowsingContextGroup) Closed channel: cannot send/recv

JavaScript error: resource://gre/modules/Sqlite.jsm, line 1030: Error: Sqlite.jsm has been shutdown. Cannot open connection to: C:\Users\Administrator\AppData\Local\Temp\rust_mozprofileFpPUhC\protections.sqlite
1626559590676	geckodriver	INFO	Listening on 127.0.0.1:62365
1626559593684	mozrunner::runner	INFO	Running command: "C:\\Program Files\\Mozilla Firefox\\firefox.exe" "--marionette" "-foreground" "-no-remote" "-profile" "C:\\Users\\ADMINI~1\\AppData\\Local\\Temp\\rust_mozprofileFT1KIC"
1626559595430	Marionette	INFO	Marionette enabled
console.warn: SearchSettings: "get: No settings file exists, new profile?" (new NotFoundError("Could not open the file at C:\\Users\\Administrator\\AppData\\Local\\Temp\\rust_mozprofileFT1KIC\\search.json.mozlz4", (void 0)))
1626559603811	Marionette	INFO	Listening on port 62695
1626559604299	Marionette	WARN	TLS certificate errors will be ignored for this session
1626559616326	Marionette	INFO	Stopped listening on port 62695
[Parent 5324, IPC I/O Parent] WARNING: file /builds/worker/checkouts/gecko/ipc/chromium/src/base/process_util_win.cc:167

###!!! [Child][RunMessage] Error: Channel closing: too late to send/recv, messages will be lost

1626559755681	geckodriver	INFO	Listening on 127.0.0.1:49255
1626559758630	mozrunner::runner	INFO	Running command: "C:\\Program Files\\Mozilla Firefox\\firefox.exe" "--marionette" "-foreground" "-no-remote" "-profile" "C:\\Users\\ADMINI~1\\AppData\\Local\\Temp\\rust_mozprofilehJ3GFs"
1626559760146	Marionette	INFO	Marionette enabled
console.warn: SearchSettings: "get: No settings file exists, new profile?" (new NotFoundError("Could not open the file at C:\\Users\\Administrator\\AppData\\Local\\Temp\\rust_mozprofilehJ3GFs\\search.json.mozlz4", (void 0)))
1626559768487	Marionette	INFO	Listening on port 50637
1626559768970	Marionette	WARN	TLS certificate errors will be ignored for this session
1626559772672	Marionette	INFO	Stopped listening on port 50637

###!!! [Parent][MessageChannel] Error: (msgtype=0x390079,name=PContent::Msg_DestroyBrowsingContextGroup) Closed channel: cannot send/recv

JavaScript error: resource://gre/modules/Sqlite.jsm, line 1030: Error: Sqlite.jsm has been shutdown. Cannot open connection to: C:\Users\Administrator\AppData\Local\Temp\rust_mozprofilehJ3GFs\protections.sqlite

###!!! [Child][RunMessage] Error: Channel closing: too late to send/recv, messages will be lost

1626559777967	geckodriver	INFO	Listening on 127.0.0.1:61891
1626559780930	mozrunner::runner	INFO	Running command: "C:\\Program Files\\Mozilla Firefox\\firefox.exe" "--marionette" "-foreground" "-no-remote" "-profile" "C:\\Users\\ADMINI~1\\AppData\\Local\\Temp\\rust_mozprofiledXcKI4"
1626559782643	Marionette	INFO	Marionette enabled
console.warn: SearchSettings: "get: No settings file exists, new profile?" (new NotFoundError("Could not open the file at C:\\Users\\Administrator\\AppData\\Local\\Temp\\rust_mozprofiledXcKI4\\search.json.mozlz4", (void 0)))
1626559791201	Marionette	INFO	Listening on port 61899
1626559791660	Marionette	WARN	TLS certificate errors will be ignored for this session
1626559800204	Marionette	INFO	Stopped listening on port 61899
JavaScript error: https://admin-demo.nopcommerce.com/lib_npm/jquery/jquery.min.js, line 2: NS_ERROR_NOT_INITIALIZED: 

###!!! [Parent][MessageChannel] Error: (msgtype=0x390079,name=PContent::Msg_DestroyBrowsingContextGroup) Closed channel: cannot send/recv


###!!! [Child][RunMessage] Error: Channel closing: too late to send/recv, messages will be lost

1626559925694	geckodriver	INFO	Listening on 127.0.0.1:61982
1626559928678	mozrunner::runner	INFO	Running command: "C:\\Program Files\\Mozilla Firefox\\firefox.exe" "--marionette" "-foreground" "-no-remote" "-profile" "C:\\Users\\ADMINI~1\\AppData\\Local\\Temp\\rust_mozprofileWYqwM6"
1626559929993	Marionette	INFO	Marionette enabled
console.warn: SearchSettings: "get: No settings file exists, new profile?" (new NotFoundError("Could not open the file at C:\\Users\\Administrator\\AppData\\Local\\Temp\\rust_mozprofileWYqwM6\\search.json.mozlz4", (void 0)))
1626559936942	Marionette	INFO	Listening on port 49578
1626559937771	Marionette	WARN	TLS certificate errors will be ignored for this session
console.error: services.settings: 
  main/doh-config Signature failed  InvalidSignatureError: Invalid content signature (main/doh-config)
console.error: services.settings: 
  main/doh-config local data was corrupted
console.warn: services.settings: main/doh-config Signature verified failed. Retry from scratch
console.error: services.settings: 
  main/doh-providers Signature failed  InvalidSignatureError: Invalid content signature (main/doh-providers)
console.error: services.settings: 
  main/doh-providers local data was corrupted
console.warn: services.settings: main/doh-providers Signature verified failed. Retry from scratch
console.log: WebExtensions: reset-default-search: starting.
console.log: WebExtensions: reset-default-search: No addons in our list are installed.
JavaScript error: , line 0: NS_ERROR_NOT_AVAILABLE
1626562270600	Marionette	INFO	Stopped listening on port 49578
as corrupted
console.warn: services.settings: main/doh-config Signature verified failed. Retry from scratch
console.error: services.settings: 
  main/doh-providers Signature failed  InvalidSignatureError: Invalid content signature (main/doh-providers)
console.error: services.settings: 
  main/doh-providers local data was corrupted
console.warn: services.settings: main/doh-providers Signature verified failed. Retry from scratch
console.log: WebExtensions: reset-default-search: starting.
console.log: WebExtensions: reset-default-search: No addons in our list are installed.
JavaScript error: , line 0: NS_ERROR_NOT_AVAILABLE
1626562268114	Marionette	INFO	Stopped listening on port 56431

###!!! [Child][RunMessage] Error: Channel closing: too late to send/recv, messages will be lost

e	INFO	Marionette enabled
console.warn: SearchSettings: "get: No settings file exists, new profile?" (new NotFoundError("Could not open the file at C:\\Users\\Administrator\\AppData\\Local\\Temp\\rust_mozprofileb4H7Fc\\search.json.mozlz4", (void 0)))
1626560029757	Marionette	INFO	Listening on port 62941
1626560030323	Marionette	WARN	TLS certificate errors will be ignored for this session
1626560084345	Marionette	INFO	Stopped listening on port 62941
1626560123757	geckodriver	INFO	Listening on 127.0.0.1:58745
1626560126799	mozrunner::runner	INFO	Running command: "C:\\Program Files\\Mozilla Firefox\\firefox.exe" "--marionette" "-foreground" "-no-remote" "-profile" "C:\\Users\\ADMINI~1\\AppData\\Local\\Temp\\rust_mozprofilefQTNYk"
1626560128133	Marionette	INFO	Marionette enabled
console.warn: SearchSettings: "get: No settings file exists, new profile?" (new NotFoundError("Could not open the file at C:\\Users\\Administrator\\AppData\\Local\\Temp\\rust_mozprofilefQTNYk\\search.json.mozlz4", (void 0)))
1626560135027	Marionette	INFO	Listening on port 58773
1626560135574	Marionette	WARN	TLS certificate errors will be ignored for this session
1626560202981	Marionette	INFO	Stopped listening on port 58773

###!!! [Child][RunMessage] Error: Channel closing: too late to send/recv, messages will be lost

"--marionette" "-foreground" "-no-remote" "-profile" "C:\\Users\\ADMINI~1\\AppData\\Local\\Temp\\rust_mozprofileiWDXjo"
1626560153379	Marionette	INFO	Marionette enabled
JavaScript error: resource:///modules/BrowserGlue.jsm, line 1341: uncaught exception: undefined
console.warn: SearchSettings: "get: No settings file exists, new profile?" (new NotFoundError("Could not open the file at C:\\Users\\Administrator\\AppData\\Local\\Temp\\rust_mozprofileiWDXjo\\search.json.mozlz4", (void 0)))
1626560161471	Marionette	INFO	Listening on port 65290
1626560161847	Marionette	WARN	TLS certificate errors will be ignored for this session
1626560201505	Marionette	INFO	Stopped listening on port 65290
1626560289242	geckodriver	INFO	Listening on 127.0.0.1:58011
1626560292304	mozrunner::runner	INFO	Running command: "C:\\Program Files\\Mozilla Firefox\\firefox.exe" "--marionette" "-foreground" "-no-remote" "-profile" "C:\\Users\\ADMINI~1\\AppData\\Local\\Temp\\rust_mozprofile6LbRAR"
1626560293517	Marionette	INFO	Marionette enabled
console.warn: SearchSettings: "get: No settings file exists, new profile?" (new NotFoundError("Could not open the file at C:\\Users\\Administrator\\AppData\\Local\\Temp\\rust_mozprofile6LbRAR\\search.json.mozlz4", (void 0)))
1626560300313	Marionette	INFO	Listening on port 58019
1626560300849	Marionette	WARN	TLS certificate errors will be ignored for this session
1626560304403	Marionette	INFO	Stopped listening on port 58019
[Parent 4716, IPC I/O Parent] WARNING: file /builds/worker/checkouts/gecko/ipc/chromium/src/base/process_util_win.cc:167

###!!! [Child][MessageChannel] Error: (msgtype=0x23002E,name=PBrowser::Msg___delete__) Channel closing: too late to send/recv, messages will be lost


###!!! [Parent][MessageChannel] Error: (msgtype=0x390079,name=PContent::Msg_DestroyBrowsingContextGroup) Closed channel: cannot send/recv

JavaScript error: resource://gre/modules/Sqlite.jsm, line 1030: Error: Sqlite.jsm has been shutdown. Cannot open connection to: C:\Users\Administrator\AppData\Local\Temp\rust_mozprofile6LbRAR\protections.sqlite

###!!! [Child][RunMessage] Error: Channel closing: too late to send/recv, messages will be lost

1626560306249	geckodriver	INFO	Listening on 127.0.0.1:58062
1626560309286	mozrunner::runner	INFO	Running command: "C:\\Program Files\\Mozilla Firefox\\firefox.exe" "--marionette" "-foreground" "-no-remote" "-profile" "C:\\Users\\ADMINI~1\\AppData\\Local\\Temp\\rust_mozprofileAuiGZY"
1626560310472	Marionette	INFO	Marionette enabled
console.warn: SearchSettings: "get: No settings file exists, new profile?" (new NotFoundError("Could not open the file at C:\\Users\\Administrator\\AppData\\Local\\Temp\\rust_mozprofileAuiGZY\\search.json.mozlz4", (void 0)))
1626560316666	Marionette	INFO	Listening on port 58070
1626560316830	Marionette	WARN	TLS certificate errors will be ignored for this session
1626560323089	Marionette	INFO	Stopped listening on port 58070
JavaScript error: https://admin-demo.nopcommerce.com/lib_npm/jquery/jquery.min.js, line 2: NS_ERROR_NOT_INITIALIZED: 
1626560464345	geckodriver	INFO	Listening on 127.0.0.1:57678
1626560467432	mozrunner::runner	INFO	Running command: "C:\\Program Files\\Mozilla Firefox\\firefox.exe" "--marionette" "-foreground" "-no-remote" "-profile" "C:\\Users\\ADMINI~1\\AppData\\Local\\Temp\\rust_mozprofiled1BdRr"
1626560468613	Marionette	INFO	Marionette enabled
console.warn: SearchSettings: "get: No settings file exists, new profile?" (new NotFoundError("Could not open the file at C:\\Users\\Administrator\\AppData\\Local\\Temp\\rust_mozprofiled1BdRr\\search.json.mozlz4", (void 0)))
1626560474965	Marionette	INFO	Listening on port 57686
1626560475469	Marionette	WARN	TLS certificate errors will be ignored for this session
1626560477888	Marionette	INFO	Stopped listening on port 57686

###!!! [Parent][MessageChannel] Error: (msgtype=0x390079,name=PContent::Msg_DestroyBrowsingContextGroup) Closed channel: cannot send/recv

JavaScript error: resource://gre/modules/Sqlite.jsm, line 1030: Error: Sqlite.jsm has been shutdown. Cannot open connection to: C:\Users\Administrator\AppData\Local\Temp\rust_mozprofiled1BdRr\protections.sqlite
[Parent 7024, IPC I/O Parent] WARNING: file /builds/worker/checkouts/gecko/ipc/chromium/src/base/process_util_win.cc:167
1626560479759	geckodriver	INFO	Listening on 127.0.0.1:57729
1626560482809	mozrunner::runner	INFO	Running command: "C:\\Program Files\\Mozilla Firefox\\firefox.exe" "--marionette" "-foreground" "-no-remote" "-profile" "C:\\Users\\ADMINI~1\\AppData\\Local\\Temp\\rust_mozprofileCSgEHD"
1626560484154	Marionette	INFO	Marionette enabled
console.warn: SearchSettings: "get: No settings file exists, new profile?" (new NotFoundError("Could not open the file at C:\\Users\\Administrator\\AppData\\Local\\Temp\\rust_mozprofileCSgEHD\\search.json.mozlz4", (void 0)))
1626560494701	Marionette	INFO	Listening on port 57737
1626560495189	Marionette	WARN	TLS certificate errors will be ignored for this session
1626560502709	Marionette	INFO	Stopped listening on port 57737
JavaScript error: https://admin-demo.nopcommerce.com/lib_npm/jquery/jquery.min.js, line 2: NS_ERROR_NOT_INITIALIZED: 

###!!! [Child][RunMessage] Error: Channel closing: too late to send/recv, messages will be lost

1626562220386	geckodriver	INFO	Listening on 127.0.0.1:63260
1626562223463	mozrunner::runner	INFO	Running command: "C:\\Program Files\\Mozilla Firefox\\firefox.exe" "--marionette" "-foreground" "-no-remote" "-profile" "C:\\Users\\ADMINI~1\\AppData\\Local\\Temp\\rust_mozprofileqHlmTI"
1626562224883	Marionette	INFO	Marionette enabled
console.warn: SearchSettings: "get: No settings file exists, new profile?" (new NotFoundError("Could not open the file at C:\\Users\\Administrator\\AppData\\Local\\Temp\\rust_mozprofileqHlmTI\\search.json.mozlz4", (void 0)))
1626562232115	Marionette	INFO	Listening on port 63268
1626562232589	Marionette	WARN	TLS certificate errors will be ignored for this session
1626562235633	Marionette	INFO	Stopped listening on port 63268

###!!! [Parent][MessageChannel] Error: (msgtype=0x390079,name=PContent::Msg_DestroyBrowsingContextGroup) Closed channel: cannot send/recv


###!!! [Child][MessageChannel] Error: (msgtype=0x23002E,name=PBrowser::Msg___delete__) Channel closing: too late to send/recv, messages will be lost

JavaScript error: resource://gre/modules/Sqlite.jsm, line 1030: Error: Sqlite.jsm has been shutdown. Cannot open connection to: C:\Users\Administrator\AppData\Local\Temp\rust_mozprofileqHlmTI\protections.sqlite

###!!! [Child][RunMessage] Error: Channel closing: too late to send/recv, messages will be lost

1626562237680	geckodriver	INFO	Listening on 127.0.0.1:63312
1626562240695	mozrunner::runner	INFO	Running command: "C:\\Program Files\\Mozilla Firefox\\firefox.exe" "--marionette" "-foreground" "-no-remote" "-profile" "C:\\Users\\ADMINI~1\\AppData\\Local\\Temp\\rust_mozprofileJbAoiu"
1626562241841	Marionette	INFO	Marionette enabled
console.warn: SearchSettings: "get: No settings file exists, new profile?" (new NotFoundError("Could not open the file at C:\\Users\\Administrator\\AppData\\Local\\Temp\\rust_mozprofileJbAoiu\\search.json.mozlz4", (void 0)))
1626562248222	Marionette	INFO	Listening on port 63320
1626562248742	Marionette	WARN	TLS certificate errors will be ignored for this session
1626562257344	Marionette	INFO	Stopped listening on port 63320

###!!! [Parent][MessageChannel] Error: (msgtype=0x390079,name=PContent::Msg_DestroyBrowsingContextGroup) Closed channel: cannot send/recv


###!!! [Child][MessageChannel] Error: (msgtype=0x590008,name=PHttpChannel::Msg_DeletingChannel) Channel closing: too late to send/recv, messages will be lost


###!!! [Child][MessageChannel] Error: (msgtype=0x590008,name=PHttpChannel::Msg_DeletingChannel) Channel closing: too late to send/recv, messages will be lost


###!!! [Child][MessageChannel] Error: (msgtype=0x590008,name=PHttpChannel::Msg_DeletingChannel) Channel closing: too late to send/recv, messages will be lost


###!!! [Child][RunMessage] Error: Channel closing: too late to send/recv, messages will be lost


###!!! [Child][RunMessage] Error: Channel closing: too late to send/recv, messages will be lost


###!!! [Child][RunMessage] Error: Channel closing: too late to send/recv, messages will be lost


###!!! [Child][RunMessage] Error: Channel closing: too late to send/recv, messages will be lost


###!!! [Child][RunMessage] Error: Channel closing: too late to send/recv, messages will be lost

1626619765066	geckodriver	INFO	Listening on 127.0.0.1:54583
1626619768151	mozrunner::runner	INFO	Running command: "C:\\Program Files\\Mozilla Firefox\\firefox.exe" "--marionette" "-foreground" "-no-remote" "-profile" "C:\\Users\\ADMINI~1\\AppData\\Local\\Temp\\rust_mozprofileq5RrrF"
1626619771727	Marionette	INFO	Marionette enabled
console.warn: SearchSettings: "get: No settings file exists, new profile?" (new NotFoundError("Could not open the file at C:\\Users\\Administrator\\AppData\\Local\\Temp\\rust_mozprofileq5RrrF\\search.json.mozlz4", (void 0)))
1626619786808	Marionette	INFO	Listening on port 54591
1626619850441	Marionette	INFO	Stopped listening on port 54591

###!!! [Child][RunMessage] Error: Channel closing: too late to send/recv, messages will be lost

he file at C:\\Users\\Administrator\\AppData\\Local\\Temp\\rust_mozprofileJ0XKvz\\search.json.mozlz4", (void 0)))
1626619793377	Marionette	INFO	Listening on port 54615
1626619793851	Marionette	WARN	TLS certificate errors will be ignored for this session
1626619803364	Marionette	INFO	Stopped listening on port 54615

###!!! [Child][MessageChannel] Error: (msgtype=0x59000C,name=PHttpChannel::Msg___delete__) Channel closing: too late to send/recv, messages will be lost


###!!! [Parent][MessageChannel] Error: (msgtype=0x390079,name=PContent::Msg_DestroyBrowsingContextGroup) Closed channel: cannot send/recv


###!!! [Child][MessageChannel] Error: (msgtype=0x23002E,name=PBrowser::Msg___delete__) Channel closing: too late to send/recv, messages will be lost


###!!! [Child][RunMessage] Error: Channel closing: too late to send/recv, messages will be lost

1626619869350	geckodriver	INFO	Listening on 127.0.0.1:50712
1626619872429	mozrunner::runner	INFO	Running command: "C:\\Program Files\\Mozilla Firefox\\firefox.exe" "--marionette" "-foreground" "-no-remote" "-profile" "C:\\Users\\ADMINI~1\\AppData\\Local\\Temp\\rust_mozprofileFhevHt"
1626619873698	Marionette	INFO	Marionette enabled
console.warn: SearchSettings: "get: No settings file exists, new profile?" (new NotFoundError("Could not open the file at C:\\Users\\Administrator\\AppData\\Local\\Temp\\rust_mozprofileFhevHt\\search.json.mozlz4", (void 0)))
1626619880178	Marionette	INFO	Listening on port 50720
1626619880447	Marionette	WARN	TLS certificate errors will be ignored for this session
1626619883997	Marionette	INFO	Stopped listening on port 50720

###!!! [Parent][MessageChannel] Error: (msgtype=0x390079,name=PContent::Msg_DestroyBrowsingContextGroup) Closed channel: cannot send/recv

JavaScript error: resource://gre/modules/Sqlite.jsm, line 1030: Error: Sqlite.jsm has been shutdown. Cannot open connection to: C:\Users\Administrator\AppData\Local\Temp\rust_mozprofileFhevHt\protections.sqlite
1626619886040	geckodriver	INFO	Listening on 127.0.0.1:50763
1626619889125	mozrunner::runner	INFO	Running command: "C:\\Program Files\\Mozilla Firefox\\firefox.exe" "--marionette" "-foreground" "-no-remote" "-profile" "C:\\Users\\ADMINI~1\\AppData\\Local\\Temp\\rust_mozprofilePcVMPu"
1626619890338	Marionette	INFO	Marionette enabled
console.warn: SearchSettings: "get: No settings file exists, new profile?" (new NotFoundError("Could not open the file at C:\\Users\\Administrator\\AppData\\Local\\Temp\\rust_mozprofilePcVMPu\\search.json.mozlz4", (void 0)))
1626619896577	Marionette	INFO	Listening on port 50771
1626619896663	Marionette	WARN	TLS certificate errors will be ignored for this session
1626619905101	Marionette	INFO	Stopped listening on port 50771
JavaScript error: https://admin-demo.nopcommerce.com/lib_npm/jquery/jquery.min.js, line 2: NS_ERROR_NOT_INITIALIZED: 

###!!! [Child][MessageChannel] Error: (msgtype=0x23002E,name=PBrowser::Msg___delete__) Channel closing: too late to send/recv, messages will be lost


###!!! [Parent][MessageChannel] Error: (msgtype=0x390079,name=PContent::Msg_DestroyBrowsingContextGroup) Closed channel: cannot send/recv

1626620527900	geckodriver	INFO	Listening on 127.0.0.1:51461
1626620530983	mozrunner::runner	INFO	Running command: "C:\\Program Files\\Mozilla Firefox\\firefox.exe" "--marionette" "-foreground" "-no-remote" "-profile" "C:\\Users\\ADMINI~1\\AppData\\Local\\Temp\\rust_mozprofilekrAh3H"
1626620533279	Marionette	INFO	Marionette enabled
console.warn: SearchSettings: "get: No settings file exists, new profile?" (new NotFoundError("Could not open the file at C:\\Users\\Administrator\\AppData\\Local\\Temp\\rust_mozprofilekrAh3H\\search.json.mozlz4", (void 0)))
1626620546853	Marionette	INFO	Listening on port 51475
1626620575241	Marionette	INFO	Stopped listening on port 51475

###!!! [Child][RunMessage] Error: Channel closing: too late to send/recv, messages will be lost

1626620588387	geckodriver	INFO	Listening on 127.0.0.1:61648
1626620591510	mozrunner::runner	INFO	Running command: "C:\\Program Files\\Mozilla Firefox\\firefox.exe" "--marionette" "-foreground" "-no-remote" "-profile" "C:\\Users\\ADMINI~1\\AppData\\Local\\Temp\\rust_mozprofileXQobtx"
1626620592897	Marionette	INFO	Marionette enabled
console.warn: SearchSettings: "get: No settings file exists, new profile?" (new NotFoundError("Could not open the file at C:\\Users\\Administrator\\AppData\\Local\\Temp\\rust_mozprofile169Qpj\\search.json.mozlz4", (void 0)))
1626620602760	Marionette	INFO	Listening on port 61664
1626620603305	Marionette	WARN	TLS certificate errors will be ignored for this session
1626620609634	Marionette	INFO	Stopped listening on port 61661
JavaScript error: https://admin-demo.nopcommerce.com/lib_npm/jquery/jquery.min.js, line 2: NS_ERROR_NOT_INITIALIZED: 

###!!! [Parent][MessageChannel] Error: (msgtype=0x390079,name=PContent::Msg_DestroyBrowsingContextGroup) Closed channel: cannot send/recv


###!!! [Child][MessageChannel] Error: (msgtype=0x590008,name=PHttpChannel::Msg_DeletingChannel) Channel closing: too late to send/recv, messages will be lost


###!!! [Child][MessageChannel] Error: (msgtype=0x390143,name=PContent::Msg_ScriptError) Channel closing: too late to send/recv, messages will be lost

1627829214681	geckodriver	INFO	Listening on 127.0.0.1:62185
1627829217769	mozrunner::runner	INFO	Running command: "C:\\Program Files\\Mozilla Firefox\\firefox.exe" "--marionette" "-foreground" "-no-remote" "-profile" "C:\\Users\\ADMINI~1\\AppData\\Local\\Temp\\rust_mozprofile9vs9Pf"
1627829219377	Marionette	INFO	Marionette enabled
console.warn: SearchSettings: "get: No settings file exists, new profile?" (new NotFoundError("Could not open the file at C:\\Users\\Administrator\\AppData\\Local\\Temp\\rust_mozprofile9vs9Pf\\search.json.mozlz4", (void 0)))
1627829227737	Marionette	INFO	Listening on port 63034
1627829228276	Marionette	WARN	TLS certificate errors will be ignored for this session
[Parent 2972, IPC I/O Parent] WARNING: pipe error: 232: file /builds/worker/checkouts/gecko/ipc/chromium/src/chrome/common/ipc_channel_win.cc:544
1627829276007	Marionette	INFO	Stopped listening on port 63034

###!!! [Child][RunMessage] Error: Channel closing: too late to send/recv, messages will be lost

JavaScript error: resource://gre/modules/CrashManager.jsm, line 829: AbortError: IOUtils: Shutting down and refusing additional I/O tasks
1627829556067	geckodriver	INFO	Listening on 127.0.0.1:54990
1627829559134	mozrunner::runner	INFO	Running command: "C:\\Program Files\\Mozilla Firefox\\firefox.exe" "--marionette" "-foreground" "-no-remote" "-profile" "C:\\Users\\ADMINI~1\\AppData\\Local\\Temp\\rust_mozprofileuWEQzy"
1627829560698	Marionette	INFO	Marionette enabled
console.warn: SearchSettings: "get: No settings file exists, new profile?" (new NotFoundError("Could not open the file at C:\\Users\\Administrator\\AppData\\Local\\Temp\\rust_mozprofileuWEQzy\\search.json.mozlz4", (void 0)))
1627829567982	Marionette	INFO	Listening on port 60035
1627829568301	Marionette	WARN	TLS certificate errors will be ignored for this session
console.error: services.settings: 
  main/doh-providers Signature failed  InvalidSignatureError: Invalid content signature (main/doh-providers)
console.error: services.settings: 
  main/doh-providers local data was corrupted
console.warn: services.settings: main/doh-providers Signature verified failed. Retry from scratch
console.error: services.settings: 
  main/doh-config Signature failed  InvalidSignatureError: Invalid content signature (main/doh-config)
console.error: services.settings: 
  main/doh-config local data was corrupted
console.warn: services.settings: main/doh-config Signature verified failed. Retry from scratch
console.log: WebExtensions: reset-default-search: starting.
console.log: WebExtensions: reset-default-search: No addons in our list are installed.
JavaScript error: , line 0: NS_ERROR_NOT_AVAILABLE
1627834373567	Marionette	INFO	Stopped listening on port 60035
1627835574789	geckodriver	INFO	Listening on 127.0.0.1:55429
1627835577929	mozrunner::runner	INFO	Running command: "C:\\Program Files\\Mozilla Firefox\\firefox.exe" "--marionette" "-foreground" "-no-remote" "-profile" "C:\\Users\\ADMINI~1\\AppData\\Local\\Temp\\rust_mozprofileuOnigu"
1627835579702	Marionette	INFO	Marionette enabled
console.warn: SearchSettings: "get: No settings file exists, new profile?" (new NotFoundError("Could not open the file at C:\\Users\\Administrator\\AppData\\Local\\Temp\\rust_mozprofileuOnigu\\search.json.mozlz4", (void 0)))
1627835592308	Marionette	INFO	Listening on port 56858
1627835592616	Marionette	WARN	TLS certificate errors will be ignored for this session
1627835603308	Marionette	WARN	TimedPromise timed out after 500 ms: stacktrace:
TimedPromise/<@chrome://marionette/content/sync.js:237:19
TimedPromise@chrome://marionette/content/sync.js:222:10
interaction.flushEventLoop@chrome://marionette/content/interaction.js:431:10
webdriverClickElement@chrome://marionette/content/interaction.js:179:31
send@https://admin-demo.nopcommerce.com/lib_npm/jquery/jquery.min.js:2:82613
ajax@https://admin-demo.nopcommerce.com/lib_npm/jquery/jquery.min.js:2:78223
s.ajax@https://admin-demo.nopcommerce.com/lib_npm/jquery-migrate/jquery-migrate.min.js:2:3931
init@https://admin-demo.nopcommerce.com/js/admin.navigation.js:59:11
initOnce@https://admin-demo.nopcommerce.com/js/admin.navigation.js:93:17
init@https://admin-demo.nopcommerce.com/js/admin.search.js:75:30
@https://admin-demo.nopcommerce.com/admin/:158:46
e@https://admin-demo.nopcommerce.com/lib_npm/jquery/jquery.min.js:2:30005
l/</t<@https://admin-demo.nopcommerce.com/lib_npm/jquery/jquery.min.js:2:30307
console.error: services.settings: 
  main/doh-providers Signature failed  InvalidSignatureError: Invalid content signature (main/doh-providers)
console.error: services.settings: 
  main/doh-providers local data was corrupted
console.warn: services.settings: main/doh-providers Signature verified failed. Retry from scratch
console.error: services.settings: 
  main/doh-config Signature failed  InvalidSignatureError: Invalid content signature (main/doh-config)
console.error: services.settings: 
  main/doh-config local data was corrupted
console.warn: services.settings: main/doh-config Signature verified failed. Retry from scratch
console.log: WebExtensions: reset-default-search: starting.
console.log: WebExtensions: reset-default-search: No addons in our list are installed.
JavaScript error: , line 0: NS_ERROR_NOT_AVAILABLE
1627837393323	Marionette	INFO	Stopped listening on port 56858
1628945639700	geckodriver	INFO	Listening on 127.0.0.1:53040
1628945642775	mozrunner::runner	INFO	Running command: "C:\\Program Files\\Mozilla Firefox\\firefox.exe" "--marionette" "-foreground" "-no-remote" "-profile" "C:\\Users\\ADMINI~1\\AppData\\Local\\Temp\\rust_mozprofileyk20sC"
1628945644630	Marionette	INFO	Marionette enabled
console.warn: SearchSettings: "get: No settings file exists, new profile?" (new NotFoundError("Could not open the file at C:\\Users\\Administrator\\AppData\\Local\\Temp\\rust_mozprofileyk20sC\\search.json.mozlz4", (void 0)))
1628945653489	Marionette	INFO	Listening on port 53048
1628945653599	RemoteAgent	WARN	TLS certificate errors will be ignored for this session
1628945663014	Marionette	WARN	TimedPromise timed out after 500 ms: stacktrace:
TimedPromise/<@chrome://remote/content/marionette/sync.js:238:19
TimedPromise@chrome://remote/content/marionette/sync.js:223:10
interaction.flushEventLoop@chrome://remote/content/marionette/interaction.js:431:10
webdriverClickElement@chrome://remote/content/marionette/interaction.js:179:31
send@https://admin-demo.nopcommerce.com/lib_npm/jquery/jquery.min.js:2:82613
ajax@https://admin-demo.nopcommerce.com/lib_npm/jquery/jquery.min.js:2:78223
s.ajax@https://admin-demo.nopcommerce.com/lib_npm/jquery-migrate/jquery-migrate.min.js:2:3931
init@https://admin-demo.nopcommerce.com/js/admin.navigation.js:59:11
initOnce@https://admin-demo.nopcommerce.com/js/admin.navigation.js:93:17
init@https://admin-demo.nopcommerce.com/js/admin.search.js:75:30
@https://admin-demo.nopcommerce.com/admin/:158:46
e@https://admin-demo.nopcommerce.com/lib_npm/jquery/jquery.min.js:2:30005
l/</t<@https://admin-demo.nopcommerce.com/lib_npm/jquery/jquery.min.js:2:30307
console.error: services.settings: 
  main/doh-providers Signature failed  InvalidSignatureError: Invalid content signature (main/doh-providers)
console.error: services.settings: 
  main/doh-providers local data was corrupted
console.warn: services.settings: main/doh-providers Signature verified failed. Retry from scratch
console.error: services.settings: 
  main/doh-config Signature failed  InvalidSignatureError: Invalid content signature (main/doh-config)
console.error: services.settings: 
  main/doh-config local data was corrupted
console.warn: services.settings: main/doh-config Signature verified failed. Retry from scratch
console.log: WebExtensions: reset-default-search: starting.
console.log: WebExtensions: reset-default-search: No addons in our list are installed.
JavaScript error: , line 0: NS_ERROR_NOT_AVAILABLE
1628949162733	Marionette	INFO	Stopped listening on port 53048
JavaScript error: resource:///modules/Interactions.jsm, line 209: NS_ERROR_FAILURE: Component returned failure code: 0x80004005 (NS_ERROR_FAILURE) [nsIUserIdleService.removeIdleObserver]
JavaScript error: , line 0: TypeError: NetworkError when attempting to fetch resource.
JavaScript error: , line 0: TypeError: NetworkError when attempting to fetch resource.
JavaScript error: , line 0: TypeError: NetworkError when attempting to fetch resource.
[Parent 7712, IPC I/O Parent] WARNING: file /builds/worker/checkouts/gecko/ipc/chromium/src/base/process_util_win.cc:167
	Marionette	INFO	Marionette enabled
console.warn: SearchSettings: "get: No settings file exists, new profile?" (new NotFoundError("Could not open the file at C:\\Users\\Administrator\\AppData\\Local\\Temp\\rust_mozprofile7kAGtu\\search.json.mozlz4", (void 0)))
1628946152486	Marionette	INFO	Listening on port 61776
1628946152905	RemoteAgent	WARN	TLS certificate errors will be ignored for this session
console.error: services.settings: 
  main/doh-providers Signature failed  InvalidSignatureError: Invalid content signature (main/doh-providers)
console.error: services.settings: 
  main/doh-providers local data was corrupted
console.warn: services.settings: main/doh-providers Signature verified failed. Retry from scratch
console.error: services.settings: 
  main/doh-config Signature failed  InvalidSignatureError: Invalid content signature (main/doh-config)
console.error: services.settings: 
  main/doh-config local data was corrupted
console.warn: services.settings: main/doh-config Signature verified failed. Retry from scratch
console.log: WebExtensions: reset-default-search: starting.
console.log: WebExtensions: reset-default-search: No addons in our list are installed.
JavaScript error: , line 0: NS_ERROR_NOT_AVAILABLE
1628948232840	Marionette	INFO	Stopped listening on port 61776
JavaScript error: resource:///modules/Interactions.jsm, line 209: NS_ERROR_FAILURE: Component returned failure code: 0x80004005 (NS_ERROR_FAILURE) [nsIUserIdleService.removeIdleObserver]
driver	INFO	Listening on 127.0.0.1:53712
1628946363702	mozrunner::runner	INFO	Running command: "C:\\Program Files\\Mozilla Firefox\\firefox.exe" "--marionette" "-foreground" "-no-remote" "-profile" "C:\\Users\\ADMINI~1\\AppData\\Local\\Temp\\rust_mozprofileNHeCut"
1628946364937	Marionette	INFO	Marionette enabled
console.warn: SearchSettings: "get: No settings file exists, new profile?" (new NotFoundError("Could not open the file at C:\\Users\\Administrator\\AppData\\Local\\Temp\\rust_mozprofileNHeCut\\search.json.mozlz4", (void 0)))
1628946371898	Marionette	INFO	Listening on port 53721
1628946372260	RemoteAgent	WARN	TLS certificate errors will be ignored for this session
console.error: services.settings: 
  main/doh-providers Signature failed  InvalidSignatureError: Invalid content signature (main/doh-providers)
console.error: services.settings: 
  main/doh-providers local data was corrupted
console.warn: services.settings: main/doh-providers Signature verified failed. Retry from scratch
console.error: services.settings: 
  main/doh-config Signature failed  InvalidSignatureError: Invalid content signature (main/doh-config)
console.error: services.settings: 
  main/doh-config local data was corrupted
console.warn: services.settings: main/doh-config Signature verified failed. Retry from scratch
console.log: WebExtensions: reset-default-search: starting.
console.log: WebExtensions: reset-default-search: No addons in our list are installed.
JavaScript error: , line 0: NS_ERROR_NOT_AVAILABLE
1628949160179	Marionette	INFO	Stopped listening on port 53721
JavaScript error: resource:///modules/Interactions.jsm, line 209: NS_ERROR_FAILURE: Component returned failure code: 0x80004005 (NS_ERROR_FAILURE) [nsIUserIdleService.removeIdleObserver]

JavaScript error: resource://gre/modules/Sqlite.jsm, line 1030: Error: Sqlite.jsm has been shutdown. Cannot open connection to: C:\Users\Administrator\AppData\Local\Temp\rust_mozprofileJvDgmy\protections.sqlite
1628946548016	geckodriver	INFO	Listening on 127.0.0.1:54273
1628946551096	mozrunner::runner	INFO	Running command: "C:\\Program Files\\Mozilla Firefox\\firefox.exe" "--marionette" "-foreground" "-no-remote" "-profile" "C:\\Users\\ADMINI~1\\AppData\\Local\\Temp\\rust_mozprofilefIxtvJ"
1628946553608	Marionette	INFO	Marionette enabled
console.warn: SearchSettings: "get: No settings file exists, new profile?" (new NotFoundError("Could not open the file at C:\\Users\\Administrator\\AppData\\Local\\Temp\\rust_mozprofilefIxtvJ\\search.json.mozlz4", (void 0)))
1628946562731	Marionette	INFO	Listening on port 54281
1628946563007	RemoteAgent	WARN	TLS certificate errors will be ignored for this session
JavaScript error: , line 0: TypeError: NetworkError when attempting to fetch resource.
JavaScript error: , line 0: TypeError: NetworkError when attempting to fetch resource.
JavaScript error: , line 0: TypeError: NetworkError when attempting to fetch resource.
JavaScript error: , line 0: TypeError: NetworkError when attempting to fetch resource.
JavaScript error: , line 0: TypeError: NetworkError when attempting to fetch resource.
JavaScript error: , line 0: TypeError: NetworkError when attempting to fetch resource.
JavaScript error: , line 0: TypeError: NetworkError when attempting to fetch resource.
JavaScript error: , line 0: TypeError: NetworkError when attempting to fetch resource.
JavaScript error: , line 0: TypeError: NetworkError when attempting to fetch resource.
JavaScript error: , line 0: TypeError: NetworkError when attempting to fetch resource.
console.error: services.settings: 
  main/doh-providers Signature failed  InvalidSignatureError: Invalid content signature (main/doh-providers)
console.error: services.settings: 
  main/doh-providers local data was corrupted
console.warn: services.settings: main/doh-providers Signature verified failed. Retry from scratch
console.error: services.settings: 
  main/doh-config Signature failed  InvalidSignatureError: Invalid content signature (main/doh-config)
console.error: services.settings: 
  main/doh-config local data was corrupted
console.warn: services.settings: main/doh-config Signature verified failed. Retry from scratch
JavaScript error: https://bugzilla.mozilla.org/static/v20210728.1/extensions/MozChangeField/web/js/severity-s1-priority-p1.js, line 24: TypeError: this.priority is null
console.log: WebExtensions: reset-default-search: starting.
console.log: WebExtensions: reset-default-search: No addons in our list are installed.
JavaScript error: , line 0: NS_ERROR_NOT_AVAILABLE
1628949161283	Marionette	INFO	Stopped listening on port 54281
JavaScript error: resource:///modules/Interactions.jsm, line 209: NS_ERROR_FAILURE: Component returned failure code: 0x80004005 (NS_ERROR_FAILURE) [nsIUserIdleService.removeIdleObserver]
al\\Temp\\rust_mozprofilehxthyk"
1628947965014	Marionette	INFO	Marionette enabled
console.warn: SearchSettings: "get: No settings file exists, new profile?" (new NotFoundError("Could not open the file at C:\\Users\\Administrator\\AppData\\Local\\Temp\\rust_mozprofilehxthyk\\search.json.mozlz4", (void 0)))
1628947974884	Marionette	INFO	Listening on port 56217
1628947975456	RemoteAgent	WARN	TLS certificate errors will be ignored for this session
1628947986469	Marionette	WARN	TimedPromise timed out after 500 ms: stacktrace:
TimedPromise/<@chrome://remote/content/marionette/sync.js:238:19
TimedPromise@chrome://remote/content/marionette/sync.js:223:10
interaction.flushEventLoop@chrome://remote/content/marionette/interaction.js:431:10
webdriverClickElement@chrome://remote/content/marionette/interaction.js:179:31
1628947990606	Marionette	WARN	TimedPromise timed out after 500 ms: stacktrace:
TimedPromise/<@chrome://remote/content/marionette/sync.js:238:19
TimedPromise@chrome://remote/content/marionette/sync.js:223:10
interaction.flushEventLoop@chrome://remote/content/marionette/interaction.js:431:10
webdriverClickElement@chrome://remote/content/marionette/interaction.js:179:31
send@https://admin-demo.nopcommerce.com/lib_npm/jquery/jquery.min.js:2:82613
ajax@https://admin-demo.nopcommerce.com/lib_npm/jquery/jquery.min.js:2:78223
s.ajax@https://admin-demo.nopcommerce.com/lib_npm/jquery-migrate/jquery-migrate.min.js:2:3931
init@https://admin-demo.nopcommerce.com/js/admin.navigation.js:59:11
initOnce@https://admin-demo.nopcommerce.com/js/admin.navigation.js:93:17
init@https://admin-demo.nopcommerce.com/js/admin.search.js:75:30
@https://admin-demo.nopcommerce.com/Admin/Customer/List:156:46
e@https://admin-demo.nopcommerce.com/lib_npm/jquery/jquery.min.js:2:30005
l/</t<@https://admin-demo.nopcommerce.com/lib_npm/jquery/jquery.min.js:2:30307
1628948243232	Marionette	INFO	Stopped listening on port 56217
JavaScript error: resource:///modules/Interactions.jsm, line 209: NS_ERROR_FAILURE: Component returned failure code: 0x80004005 (NS_ERROR_FAILURE) [nsIUserIdleService.removeIdleObserver]
al\\Temp\\rust_mozprofilefgLr38"
1628947996690	Marionette	INFO	Marionette enabled
console.warn: SearchSettings: "get: No settings file exists, new profile?" (new NotFoundError("Could not open the file at C:\\Users\\Administrator\\AppData\\Local\\Temp\\rust_mozprofilefgLr38\\search.json.mozlz4", (void 0)))
1628948006002	Marionette	INFO	Listening on port 62201
1628948006514	RemoteAgent	WARN	TLS certificate errors will be ignored for this session
1628948010393	Marionette	INFO	Stopped listening on port 62201
JavaScript error: resource:///modules/Interactions.jsm, line 209: NS_ERROR_FAILURE: Component returned failure code: 0x80004005 (NS_ERROR_FAILURE) [nsIUserIdleService.removeIdleObserver]

###!!! [Parent][MessageChannel] Error: (msgtype=0x390076,name=PContent::Msg_DestroyBrowsingContextGroup) Closed channel: cannot send/recv

JavaScript error: resource://gre/modules/Sqlite.jsm, line 1030: Error: Sqlite.jsm has been shutdown. Cannot open connection to: C:\Users\Administrator\AppData\Local\Temp\rust_mozprofilefgLr38\protections.sqlite
1628948268433	geckodriver	INFO	Listening on 127.0.0.1:49291
1628948271510	mozrunner::runner	INFO	Running command: "C:\\Program Files\\Mozilla Firefox\\firefox.exe" "--marionette" "-foreground" "-no-remote" "-profile" "C:\\Users\\ADMINI~1\\AppData\\Local\\Temp\\rust_mozprofileWF3v8C"
1628948272740	Marionette	INFO	Marionette enabled
console.warn: SearchSettings: "get: No settings file exists, new profile?" (new NotFoundError("Could not open the file at C:\\Users\\Administrator\\AppData\\Local\\Temp\\rust_mozprofileWF3v8C\\search.json.mozlz4", (void 0)))
1628948279083	Marionette	INFO	Listening on port 49299
1628948279495	RemoteAgent	WARN	TLS certificate errors will be ignored for this session
1628948288622	Marionette	WARN	TimedPromise timed out after 500 ms: stacktrace:
TimedPromise/<@chrome://remote/content/marionette/sync.js:238:19
TimedPromise@chrome://remote/content/marionette/sync.js:223:10
interaction.flushEventLoop@chrome://remote/content/marionette/interaction.js:431:10
webdriverClickElement@chrome://remote/content/marionette/interaction.js:179:31
send@https://admin-demo.nopcommerce.com/lib_npm/jquery/jquery.min.js:2:82613
ajax@https://admin-demo.nopcommerce.com/lib_npm/jquery/jquery.min.js:2:78223
s.ajax@https://admin-demo.nopcommerce.com/lib_npm/jquery-migrate/jquery-migrate.min.js:2:3931
init@https://admin-demo.nopcommerce.com/js/admin.navigation.js:59:11
initOnce@https://admin-demo.nopcommerce.com/js/admin.navigation.js:93:17
init@https://admin-demo.nopcommerce.com/js/admin.search.js:75:30
@https://admin-demo.nopcommerce.com/admin/:158:46
e@https://admin-demo.nopcommerce.com/lib_npm/jquery/jquery.min.js:2:30005
l/</t<@https://admin-demo.nopcommerce.com/lib_npm/jquery/jquery.min.js:2:30307
1628948344170	Marionette	INFO	Stopped listening on port 49299
JavaScript error: resource:///modules/Interactions.jsm, line 209: NS_ERROR_FAILURE: Component returned failure code: 0x80004005 (NS_ERROR_FAILURE) [nsIUserIdleService.removeIdleObserver]
al\\Temp\\rust_mozprofileg6RyjG"
1628948294737	Marionette	INFO	Marionette enabled
console.warn: SearchSettings: "get: No settings file exists, new profile?" (new NotFoundError("Could not open the file at C:\\Users\\Administrator\\AppData\\Local\\Temp\\rust_mozprofileg6RyjG\\search.json.mozlz4", (void 0)))
1628948301323	Marionette	INFO	Listening on port 49357
1628948301526	RemoteAgent	WARN	TLS certificate errors will be ignored for this session
1628948305142	Marionette	INFO	Stopped listening on port 49357
JavaScript error: resource:///modules/Interactions.jsm, line 209: NS_ERROR_FAILURE: Component returned failure code: 0x80004005 (NS_ERROR_FAILURE) [nsIUserIdleService.removeIdleObserver]

###!!! [Parent][MessageChannel] Error: (msgtype=0x390076,name=PContent::Msg_DestroyBrowsingContextGroup) Closed channel: cannot send/recv

JavaScript error: resource://gre/modules/Sqlite.jsm, line 1030: Error: Sqlite.jsm has been shutdown. Cannot open connection to: C:\Users\Administrator\AppData\Local\Temp\rust_mozprofileg6RyjG\protections.sqlite
1628949084274	geckodriver	INFO	Listening on 127.0.0.1:49794
1628949087381	mozrunner::runner	INFO	Running command: "C:\\Program Files\\Mozilla Firefox\\firefox.exe" "--marionette" "-foreground" "-no-remote" "-profile" "C:\\Users\\ADMINI~1\\AppData\\Local\\Temp\\rust_mozprofileuJHb6P"
1628949088841	Marionette	INFO	Marionette enabled
console.warn: SearchSettings: "get: No settings file exists, new profile?" (new NotFoundError("Could not open the file at C:\\Users\\Administrator\\AppData\\Local\\Temp\\rust_mozprofileuJHb6P\\search.json.mozlz4", (void 0)))
1628949096013	Marionette	INFO	Listening on port 49802
1628949096567	RemoteAgent	WARN	TLS certificate errors will be ignored for this session
1628949106514	Marionette	WARN	TimedPromise timed out after 500 ms: stacktrace:
TimedPromise/<@chrome://remote/content/marionette/sync.js:238:19
TimedPromise@chrome://remote/content/marionette/sync.js:223:10
interaction.flushEventLoop@chrome://remote/content/marionette/interaction.js:431:10
webdriverClickElement@chrome://remote/content/marionette/interaction.js:179:31
JavaScript error: https://admin-demo.nopcommerce.com/lib_npm/datatables.net/js/jquery.dataTables.min.js, line 36: TypeError: b is undefined
1628949109780	Marionette	WARN	TimedPromise timed out after 500 ms: stacktrace:
TimedPromise/<@chrome://remote/content/marionette/sync.js:238:19
TimedPromise@chrome://remote/content/marionette/sync.js:223:10
interaction.flushEventLoop@chrome://remote/content/marionette/interaction.js:431:10
webdriverClickElement@chrome://remote/content/marionette/interaction.js:179:31
send@https://admin-demo.nopcommerce.com/lib_npm/jquery/jquery.min.js:2:82613
ajax@https://admin-demo.nopcommerce.com/lib_npm/jquery/jquery.min.js:2:78223
s.ajax@https://admin-demo.nopcommerce.com/lib_npm/jquery-migrate/jquery-migrate.min.js:2:3931
init@https://admin-demo.nopcommerce.com/js/admin.navigation.js:59:11
initOnce@https://admin-demo.nopcommerce.com/js/admin.navigation.js:93:17
init@https://admin-demo.nopcommerce.com/js/admin.search.js:75:30
@https://admin-demo.nopcommerce.com/Admin/Customer/List:156:46
e@https://admin-demo.nopcommerce.com/lib_npm/jquery/jquery.min.js:2:30005
l/</t<@https://admin-demo.nopcommerce.com/lib_npm/jquery/jquery.min.js:2:30307
1628949155865	Marionette	INFO	Stopped listening on port 49802
JavaScript error: resource:///modules/Interactions.jsm, line 209: NS_ERROR_FAILURE: Component returned failure code: 0x80004005 (NS_ERROR_FAILURE) [nsIUserIdleService.removeIdleObserver]
al\\Temp\\rust_mozprofileVP7ehO"
1628949115347	Marionette	INFO	Marionette enabled
console.warn: SearchSettings: "get: No settings file exists, new profile?" (new NotFoundError("Could not open the file at C:\\Users\\Administrator\\AppData\\Local\\Temp\\rust_mozprofileVP7ehO\\search.json.mozlz4", (void 0)))
1628949122215	Marionette	INFO	Listening on port 61793
1628949122626	RemoteAgent	WARN	TLS certificate errors will be ignored for this session
1628949124577	Marionette	INFO	Stopped listening on port 61793
JavaScript error: resource:///modules/Interactions.jsm, line 209: NS_ERROR_FAILURE: Component returned failure code: 0x80004005 (NS_ERROR_FAILURE) [nsIUserIdleService.removeIdleObserver]
JavaScript error: resource://gre/modules/AsyncShutdown.jsm, line 718: Error: Phase "Sqlite.jsm: wait until all connections are closed" is finished, it is too late to register completion condition "protections.sqlite#0: waiting for shutdown"
1628949233554	geckodriver	INFO	Listening on 127.0.0.1:56338
1628949236622	mozrunner::runner	INFO	Running command: "C:\\Program Files\\Mozilla Firefox\\firefox.exe" "--marionette" "-foreground" "-no-remote" "-profile" "C:\\Users\\ADMINI~1\\AppData\\Local\\Temp\\rust_mozprofilezyJLZW"
1628949238054	Marionette	INFO	Marionette enabled
console.warn: SearchSettings: "get: No settings file exists, new profile?" (new NotFoundError("Could not open the file at C:\\Users\\Administrator\\AppData\\Local\\Temp\\rust_mozprofilezyJLZW\\search.json.mozlz4", (void 0)))
1628949245872	Marionette	INFO	Listening on port 56346
1628949246074	RemoteAgent	WARN	TLS certificate errors will be ignored for this session
1628949254638	Marionette	WARN	TimedPromise timed out after 500 ms: stacktrace:
TimedPromise/<@chrome://remote/content/marionette/sync.js:238:19
TimedPromise@chrome://remote/content/marionette/sync.js:223:10
interaction.flushEventLoop@chrome://remote/content/marionette/interaction.js:431:10
webdriverClickElement@chrome://remote/content/marionette/interaction.js:179:31
send@https://admin-demo.nopcommerce.com/lib_npm/jquery/jquery.min.js:2:82613
ajax@https://admin-demo.nopcommerce.com/lib_npm/jquery/jquery.min.js:2:78223
s.ajax@https://admin-demo.nopcommerce.com/lib_npm/jquery-migrate/jquery-migrate.min.js:2:3931
init@https://admin-demo.nopcommerce.com/js/admin.navigation.js:59:11
initOnce@https://admin-demo.nopcommerce.com/js/admin.navigation.js:93:17
init@https://admin-demo.nopcommerce.com/js/admin.search.js:75:30
@https://admin-demo.nopcommerce.com/admin/:158:46
e@https://admin-demo.nopcommerce.com/lib_npm/jquery/jquery.min.js:2:30005
l/</t<@https://admin-demo.nopcommerce.com/lib_npm/jquery/jquery.min.js:2:30307
1628949299186	Marionette	INFO	Stopped listening on port 56346
JavaScript error: resource:///modules/Interactions.jsm, line 209: NS_ERROR_FAILURE: Component returned failure code: 0x80004005 (NS_ERROR_FAILURE) [nsIUserIdleService.removeIdleObserver]
al\\Temp\\rust_mozprofileIc1HX6"
1628949260507	Marionette	INFO	Marionette enabled
console.warn: SearchSettings: "get: No settings file exists, new profile?" (new NotFoundError("Could not open the file at C:\\Users\\Administrator\\AppData\\Local\\Temp\\rust_mozprofileIc1HX6\\search.json.mozlz4", (void 0)))
1628949267081	Marionette	INFO	Listening on port 51527
1628949267434	RemoteAgent	WARN	TLS certificate errors will be ignored for this session
1628949270983	Marionette	INFO	Stopped listening on port 51527
JavaScript error: resource:///modules/Interactions.jsm, line 209: NS_ERROR_FAILURE: Component returned failure code: 0x80004005 (NS_ERROR_FAILURE) [nsIUserIdleService.removeIdleObserver]

###!!! [Parent][MessageChannel] Error: (msgtype=0x390076,name=PContent::Msg_DestroyBrowsingContextGroup) Closed channel: cannot send/recv

JavaScript error: resource://gre/modules/Sqlite.jsm, line 1030: Error: Sqlite.jsm has been shutdown. Cannot open connection to: C:\Users\Administrator\AppData\Local\Temp\rust_mozprofileIc1HX6\protections.sqlite
1628949679338	geckodriver	INFO	Listening on 127.0.0.1:55664
1628949682463	mozrunner::runner	INFO	Running command: "C:\\Program Files\\Mozilla Firefox\\firefox.exe" "--marionette" "-foreground" "-no-remote" "-profile" "C:\\Users\\ADMINI~1\\AppData\\Local\\Temp\\rust_mozprofiledctKKn"
1628949684165	Marionette	INFO	Marionette enabled
console.warn: SearchSettings: "get: No settings file exists, new profile?" (new NotFoundError("Could not open the file at C:\\Users\\Administrator\\AppData\\Local\\Temp\\rust_mozprofiledctKKn\\search.json.mozlz4", (void 0)))
1628949691890	Marionette	INFO	Listening on port 55672
1628949692324	RemoteAgent	WARN	TLS certificate errors will be ignored for this session
1628949698818	Marionette	WARN	TimedPromise timed out after 500 ms: stacktrace:
TimedPromise/<@chrome://remote/content/marionette/sync.js:238:19
TimedPromise@chrome://remote/content/marionette/sync.js:223:10
interaction.flushEventLoop@chrome://remote/content/marionette/interaction.js:431:10
webdriverClickElement@chrome://remote/content/marionette/interaction.js:179:31
1628949702949	Marionette	WARN	TimedPromise timed out after 500 ms: stacktrace:
TimedPromise/<@chrome://remote/content/marionette/sync.js:238:19
TimedPromise@chrome://remote/content/marionette/sync.js:223:10
interaction.flushEventLoop@chrome://remote/content/marionette/interaction.js:431:10
webdriverClickElement@chrome://remote/content/marionette/interaction.js:179:31
send@https://admin-demo.nopcommerce.com/lib_npm/jquery/jquery.min.js:2:82613
ajax@https://admin-demo.nopcommerce.com/lib_npm/jquery/jquery.min.js:2:78223
s.ajax@https://admin-demo.nopcommerce.com/lib_npm/jquery-migrate/jquery-migrate.min.js:2:3931
init@https://admin-demo.nopcommerce.com/js/admin.navigation.js:59:11
initOnce@https://admin-demo.nopcommerce.com/js/admin.navigation.js:93:17
init@https://admin-demo.nopcommerce.com/js/admin.search.js:75:30
@https://admin-demo.nopcommerce.com/Admin/Customer/List:156:46
e@https://admin-demo.nopcommerce.com/lib_npm/jquery/jquery.min.js:2:30005
l/</t<@https://admin-demo.nopcommerce.com/lib_npm/jquery/jquery.min.js:2:30307
1628950020685	Marionette	INFO	Stopped listening on port 55672
JavaScript error: resource:///modules/Interactions.jsm, line 209: NS_ERROR_FAILURE: Component returned failure code: 0x80004005 (NS_ERROR_FAILURE) [nsIUserIdleService.removeIdleObserver]

###!!! [Parent][RunMessage] Error: Channel closing: too late to send/recv, messages will be lost

hSettings: "get: No settings file exists, new profile?" (new NotFoundError("Could not open the file at C:\\Users\\Administrator\\AppData\\Local\\Temp\\rust_mozprofileCW1GGA\\search.json.mozlz4", (void 0)))
1628949715214	Marionette	INFO	Listening on port 60672
1628949715662	RemoteAgent	WARN	TLS certificate errors will be ignored for this session
1628949717340	Marionette	INFO	Stopped listening on port 60672
JavaScript error: resource:///modules/Interactions.jsm, line 209: NS_ERROR_FAILURE: Component returned failure code: 0x80004005 (NS_ERROR_FAILURE) [nsIUserIdleService.removeIdleObserver]
1628949719586	geckodriver	INFO	Listening on 127.0.0.1:54329
1628949722640	mozrunner::runner	INFO	Running command: "C:\\Program Files\\Mozilla Firefox\\firefox.exe" "--marionette" "-foreground" "-no-remote" "-profile" "C:\\Users\\ADMINI~1\\AppData\\Local\\Temp\\rust_mozprofileUnM9Si"
1628949723845	Marionette	INFO	Marionette enabled
console.warn: SearchSettings: "get: No settings file exists, new profile?" (new NotFoundError("Could not open the file at C:\\Users\\Administrator\\AppData\\Local\\Temp\\rust_mozprofileUnM9Si\\search.json.mozlz4", (void 0)))
1628949730484	Marionette	INFO	Listening on port 54337
1628949730677	RemoteAgent	WARN	TLS certificate errors will be ignored for this session
1628949736043	Marionette	INFO	Stopped listening on port 54337
JavaScript error: resource:///modules/Interactions.jsm, line 209: NS_ERROR_FAILURE: Component returned failure code: 0x80004005 (NS_ERROR_FAILURE) [nsIUserIdleService.removeIdleObserver]
[Parent 11856, IPC I/O Parent] WARNING: file /builds/worker/checkouts/gecko/ipc/chromium/src/base/process_util_win.cc:167
JavaScript error: https://admin-demo.nopcommerce.com/lib_npm/jquery/jquery.min.js, line 2: NS_ERROR_NOT_INITIALIZED: 

###!!! [Child][MessageChannel] Error: (msgtype=0x390140,name=PContent::Msg_ScriptError) Channel closing: too late to send/recv, messages will be lost


###!!! [Child][RunMessage] Error: Channel closing: too late to send/recv, messages will be lost


###!!! [Child][RunMessage] Error: Channel closing: too late to send/recv, messages will be lost


###!!! [Parent][MessageChannel] Error: (msgtype=0x390076,name=PContent::Msg_DestroyBrowsingContextGroup) Closed channel: cannot send/recv


###!!! [Child][MessageChannel] Error: (msgtype=0x390140,name=PContent::Msg_ScriptError) Channel closing: too late to send/recv, messages will be lost


###!!! [Child][RunMessage] Error: Channel closing: too late to send/recv, messages will be lost

1628949738566	geckodriver	INFO	Listening on 127.0.0.1:58791
1628949741567	mozrunner::runner	INFO	Running command: "C:\\Program Files\\Mozilla Firefox\\firefox.exe" "--marionette" "-foreground" "-no-remote" "-profile" "C:\\Users\\ADMINI~1\\AppData\\Local\\Temp\\rust_mozprofilelQKQjy"
1628949742947	Marionette	INFO	Marionette enabled
console.warn: SearchSettings: "get: No settings file exists, new profile?" (new NotFoundError("Could not open the file at C:\\Users\\Administrator\\AppData\\Local\\Temp\\rust_mozprofilelQKQjy\\search.json.mozlz4", (void 0)))
1628949750541	Marionette	INFO	Listening on port 49324
1628949751057	RemoteAgent	WARN	TLS certificate errors will be ignored for this session
1628949783516	Marionette	INFO	Stopped listening on port 49324
JavaScript error: resource:///modules/Interactions.jsm, line 209: NS_ERROR_FAILURE: Component returned failure code: 0x80004005 (NS_ERROR_FAILURE) [nsIUserIdleService.removeIdleObserver]

###!!! [Parent][MessageChannel] Error: (msgtype=0x390076,name=PContent::Msg_DestroyBrowsingContextGroup) Closed channel: cannot send/recv

1628949786059	geckodriver	INFO	Listening on 127.0.0.1:50643
1628949789041	mozrunner::runner	INFO	Running command: "C:\\Program Files\\Mozilla Firefox\\firefox.exe" "--marionette" "-foreground" "-no-remote" "-profile" "C:\\Users\\ADMINI~1\\AppData\\Local\\Temp\\rust_mozprofilewCpyX9"
1628949790255	Marionette	INFO	Marionette enabled
console.warn: SearchSettings: "get: No settings file exists, new profile?" (new NotFoundError("Could not open the file at C:\\Users\\Administrator\\AppData\\Local\\Temp\\rust_mozprofilewCpyX9\\search.json.mozlz4", (void 0)))
1628949796813	Marionette	INFO	Listening on port 50651
1628949797031	RemoteAgent	WARN	TLS certificate errors will be ignored for this session
1628949805771	Marionette	WARN	TimedPromise timed out after 500 ms: stacktrace:
TimedPromise/<@chrome://remote/content/marionette/sync.js:238:19
TimedPromise@chrome://remote/content/marionette/sync.js:223:10
interaction.flushEventLoop@chrome://remote/content/marionette/interaction.js:431:10
webdriverClickElement@chrome://remote/content/marionette/interaction.js:179:31
send@https://admin-demo.nopcommerce.com/lib_npm/jquery/jquery.min.js:2:82613
ajax@https://admin-demo.nopcommerce.com/lib_npm/jquery/jquery.min.js:2:78223
s.ajax@https://admin-demo.nopcommerce.com/lib_npm/jquery-migrate/jquery-migrate.min.js:2:3931
init@https://admin-demo.nopcommerce.com/js/admin.navigation.js:59:11
initOnce@https://admin-demo.nopcommerce.com/js/admin.navigation.js:93:17
init@https://admin-demo.nopcommerce.com/js/admin.search.js:75:30
@https://admin-demo.nopcommerce.com/admin/:158:46
e@https://admin-demo.nopcommerce.com/lib_npm/jquery/jquery.min.js:2:30005
l/</t<@https://admin-demo.nopcommerce.com/lib_npm/jquery/jquery.min.js:2:30307
1628950018536	Marionette	INFO	Stopped listening on port 50651
JavaScript error: resource:///modules/Interactions.jsm, line 209: NS_ERROR_FAILURE: Component returned failure code: 0x80004005 (NS_ERROR_FAILURE) [nsIUserIdleService.removeIdleObserver]
al\\Temp\\rust_mozprofileXJTy4B"
1628949810929	Marionette	INFO	Marionette enabled
console.warn: SearchSettings: "get: No settings file exists, new profile?" (new NotFoundError("Could not open the file at C:\\Users\\Administrator\\AppData\\Local\\Temp\\rust_mozprofileXJTy4B\\search.json.mozlz4", (void 0)))
1628949817916	Marionette	INFO	Listening on port 65204
1628949818168	RemoteAgent	WARN	TLS certificate errors will be ignored for this session
1628949825482	Marionette	WARN	TimedPromise timed out after 500 ms: stacktrace:
TimedPromise/<@chrome://remote/content/marionette/sync.js:238:19
TimedPromise@chrome://remote/content/marionette/sync.js:223:10
interaction.flushEventLoop@chrome://remote/content/marionette/interaction.js:431:10
webdriverClickElement@chrome://remote/content/marionette/interaction.js:179:31
send@https://admin-demo.nopcommerce.com/lib_npm/jquery/jquery.min.js:2:82613
ajax@https://admin-demo.nopcommerce.com/lib_npm/jquery/jquery.min.js:2:78223
s.ajax@https://admin-demo.nopcommerce.com/lib_npm/jquery-migrate/jquery-migrate.min.js:2:3931
init@https://admin-demo.nopcommerce.com/js/admin.navigation.js:59:11
initOnce@https://admin-demo.nopcommerce.com/js/admin.navigation.js:93:17
init@https://admin-demo.nopcommerce.com/js/admin.search.js:75:30
@https://admin-demo.nopcommerce.com/admin/:158:46
e@https://admin-demo.nopcommerce.com/lib_npm/jquery/jquery.min.js:2:30005
l/</t<@https://admin-demo.nopcommerce.com/lib_npm/jquery/jquery.min.js:2:30307
1628950019831	Marionette	INFO	Stopped listening on port 65204
JavaScript error: resource:///modules/Interactions.jsm, line 209: NS_ERROR_FAILURE: Component returned failure code: 0x80004005 (NS_ERROR_FAILURE) [nsIUserIdleService.removeIdleObserver]
